Tue May 24 23:32:28 CEST 2016 : Server di rete Apache Derby: 10.10.2.0 - (1582446) avviato e pronto ad accettare connessioni sulla porta 1527
----------------------------------------------------------------
Tue May 24 23:32:28 CEST 2016:
Avvio della versione di Derby The Apache Software Foundation - Apache Derby - 10.10.2.0 - (1582446): istanza a816c00e-0154-e4ae-e7c1-fffff976a2b3
sulla directory di database /Users/alessandrotola/Desktop/Facoltà/AMM/AmmM1/AMM_GruppoA/AmmM1/web/WEB-INF/db/ammdb con caricatore classi sun.misc.Launcher$AppClassLoader@27c170f0 
Caricato da file:/Applications/NetBeans/glassfish-4.1.1/javadb/lib/derby.jar
java.vendor=Oracle Corporation
java.runtime.version=1.8.0_73-b02
user.dir=/Applications/NetBeans/glassfish-4.1.1/javadb
os.name=Mac OS X
os.arch=x86_64
os.version=10.11.5
derby.system.home=/Users/alessandrotola/Desktop/Facoltà/AMM/AmmM1/AMM_GruppoA/AmmM1/web/WEB-INF/db
Programma di caricamento classe database avviato - derby.database.classpath=''
----------------------------------------------------------------
Tue May 24 23:32:29 CEST 2016:
Arresto dell'istanza a816c00e-0154-e4ae-e7c1-fffff976a2b3 nella directory del database /Users/alessandrotola/Desktop/Facoltà/AMM/AmmM1/AMM_GruppoA/AmmM1/web/WEB-INF/db/ammdb con il caricatore di classi sun.misc.Launcher$AppClassLoader@27c170f0 
Tue May 24 23:32:29 CEST 2016 Thread[DRDAConnThread_3,5,main] (DATABASE = ammdb), (DRDAID = {2}), Chiusura del database 'ammdb'.
----------------------------------------------------------------
Tue May 24 23:32:36 CEST 2016:
Avvio della versione di Derby The Apache Software Foundation - Apache Derby - 10.10.2.0 - (1582446): istanza 560740aa-0154-e4ae-e7c1-fffff976a2b3
sulla directory di database /Users/alessandrotola/Desktop/Facoltà/AMM/AmmM1/AMM_GruppoA/AmmM1/web/WEB-INF/db/ammdb con caricatore classi sun.misc.Launcher$AppClassLoader@27c170f0 
Caricato da file:/Applications/NetBeans/glassfish-4.1.1/javadb/lib/derby.jar
java.vendor=Oracle Corporation
java.runtime.version=1.8.0_73-b02
user.dir=/Applications/NetBeans/glassfish-4.1.1/javadb
os.name=Mac OS X
os.arch=x86_64
os.version=10.11.5
derby.system.home=/Users/alessandrotola/Desktop/Facoltà/AMM/AmmM1/AMM_GruppoA/AmmM1/web/WEB-INF/db
Programma di caricamento classe database avviato - derby.database.classpath=''
